  井字棋—博弈算法.cpp
c:\users\sherl\desktop\井字棋—博弈算法.cpp : warning C4819: 该文件包含不能在当前代码页(936)中表示的字符。请将该文件保存为 Unicode 格式以防止数据丢失
c:\users\sherl\desktop\井字棋—博弈算法.cpp(51): error C2679: 二进制“<<”: 没有找到接受“std::string”类型的右操作数的运算符(或没有可接受的转换)
  d:\important\vs\vc\include\ostream(495): note: 可能是“std::basic_ostream<char,std::char_traits<char>> &std::basic_ostream<char,std::char_traits<char>>::operator <<(std::basic_streambuf<char,std::char_traits<char>> *)”
  d:\important\vs\vc\include\ostream(475): note: 或  “std::basic_ostream<char,std::char_traits<char>> &std::basic_ostream<char,std::char_traits<char>>::operator <<(const void *)”
  d:\important\vs\vc\include\ostream(455): note: 或  “std::basic_ostream<char,std::char_traits<char>> &std::basic_ostream<char,std::char_traits<char>>::operator <<(long double)”
  d:\important\vs\vc\include\ostream(435): note: 或  “std::basic_ostream<char,std::char_traits<char>> &std::basic_ostream<char,std::char_traits<char>>::operator <<(double)”
  d:\important\vs\vc\include\ostream(415): note: 或  “std::basic_ostream<char,std::char_traits<char>> &std::basic_ostream<char,std::char_traits<char>>::operator <<(float)”
  d:\important\vs\vc\include\ostream(395): note: 或  “std::basic_ostream<char,std::char_traits<char>> &std::basic_ostream<char,std::char_traits<char>>::operator <<(unsigned __int64)”
  d:\important\vs\vc\include\ostream(375): note: 或  “std::basic_ostream<char,std::char_traits<char>> &std::basic_ostream<char,std::char_traits<char>>::operator <<(__int64)”
  d:\important\vs\vc\include\ostream(355): note: 或  “std::basic_ostream<char,std::char_traits<char>> &std::basic_ostream<char,std::char_traits<char>>::operator <<(unsigned long)”
  d:\important\vs\vc\include\ostream(335): note: 或  “std::basic_ostream<char,std::char_traits<char>> &std::basic_ostream<char,std::char_traits<char>>::operator <<(long)”
  d:\important\vs\vc\include\ostream(315): note: 或  “std::basic_ostream<char,std::char_traits<char>> &std::basic_ostream<char,std::char_traits<char>>::operator <<(unsigned int)”
  d:\important\vs\vc\include\ostream(290): note: 或  “std::basic_ostream<char,std::char_traits<char>> &std::basic_ostream<char,std::char_traits<char>>::operator <<(int)”
  d:\important\vs\vc\include\ostream(270): note: 或  “std::basic_ostream<char,std::char_traits<char>> &std::basic_ostream<char,std::char_traits<char>>::operator <<(unsigned short)”
  d:\important\vs\vc\include\ostream(236): note: 或  “std::basic_ostream<char,std::char_traits<char>> &std::basic_ostream<char,std::char_traits<char>>::operator <<(short)”
  d:\important\vs\vc\include\ostream(216): note: 或  “std::basic_ostream<char,std::char_traits<char>> &std::basic_ostream<char,std::char_traits<char>>::operator <<(bool)”
  d:\important\vs\vc\include\ostream(209): note: 或  “std::basic_ostream<char,std::char_traits<char>> &std::basic_ostream<char,std::char_traits<char>>::operator <<(std::ios_base &(__cdecl *)(std::ios_base &))”
  d:\important\vs\vc\include\ostream(202): note: 或  “std::basic_ostream<char,std::char_traits<char>> &std::basic_ostream<char,std::char_traits<char>>::operator <<(std::basic_ios<char,std::char_traits<char>> &(__cdecl *)(std::basic_ios<char,std::char_traits<char>> &))”
  d:\important\vs\vc\include\ostream(196): note: 或  “std::basic_ostream<char,std::char_traits<char>> &std::basic_ostream<char,std::char_traits<char>>::operator <<(std::basic_ostream<char,std::char_traits<char>> &(__cdecl *)(std::basic_ostream<char,std::char_traits<char>> &))”
  d:\important\vs\vc\include\ostream(1019): note: 或  “std::basic_ostream<char,std::char_traits<char>> &std::operator <<<char,std::char_traits<char>>(std::basic_ostream<char,std::char_traits<char>> &,const std::error_code &)”
  d:\important\vs\vc\include\ostream(981): note: 或  “std::basic_ostream<char,std::char_traits<char>> &std::operator <<<char,std::char_traits<char>,std::string>(std::basic_ostream<char,std::char_traits<char>> &&,const _Ty &)”
          with
          [
              _Ty=std::string
          ]
  d:\important\vs\vc\include\ostream(971): note: 或  “std::basic_ostream<char,std::char_traits<char>> &std::operator <<<std::char_traits<char>>(std::basic_ostream<char,std::char_traits<char>> &,unsigned char)”
  d:\important\vs\vc\include\ostream(964): note: 或  “std::basic_ostream<char,std::char_traits<char>> &std::operator <<<std::char_traits<char>>(std::basic_ostream<char,std::char_traits<char>> &,const unsigned char *)”
  d:\important\vs\vc\include\ostream(957): note: 或  “std::basic_ostream<char,std::char_traits<char>> &std::operator <<<std::char_traits<char>>(std::basic_ostream<char,std::char_traits<char>> &,signed char)”
  d:\important\vs\vc\include\ostream(950): note: 或  “std::basic_ostream<char,std::char_traits<char>> &std::operator <<<std::char_traits<char>>(std::basic_ostream<char,std::char_traits<char>> &,const signed char *)”
  d:\important\vs\vc\include\ostream(824): note: 或  “std::basic_ostream<char,std::char_traits<char>> &std::operator <<<std::char_traits<char>>(std::basic_ostream<char,std::char_traits<char>> &,char)”
  d:\important\vs\vc\include\ostream(777): note: 或  “std::basic_ostream<char,std::char_traits<char>> &std::operator <<<std::char_traits<char>>(std::basic_ostream<char,std::char_traits<char>> &,const char *)”
  d:\important\vs\vc\include\ostream(739): note: 或  “std::basic_ostream<char,std::char_traits<char>> &std::operator <<<char,std::char_traits<char>>(std::basic_ostream<char,std::char_traits<char>> &,char)”
  d:\important\vs\vc\include\ostream(692): note: 或  “std::basic_ostream<char,std::char_traits<char>> &std::operator <<<char,std::char_traits<char>>(std::basic_ostream<char,std::char_traits<char>> &,const char *)”
  c:\users\sherl\desktop\井字棋—博弈算法.cpp(51): note: 尝试匹配参数列表“(std::ostream, std::string)”时
c:\users\sherl\desktop\井字棋—博弈算法.cpp(56): error C2001: 常量中有换行符
c:\users\sherl\desktop\井字棋—博弈算法.cpp(57): error C2059: 语法错误:“}”
c:\users\sherl\desktop\井字棋—博弈算法.cpp(52): error C4996: 'getch': The POSIX name for this item is deprecated. Instead, use the ISO C and C++ conformant name: _getch. See online help for details.
  c:\program files (x86)\windows kits\10\include\10.0.10240.0\ucrt\conio.h(452): note: 参见“getch”的声明
c:\users\sherl\desktop\井字棋—博弈算法.cpp(84): error C2001: 常量中有换行符
c:\users\sherl\desktop\井字棋—博弈算法.cpp(85): error C2059: 语法错误:“continue”
c:\users\sherl\desktop\井字棋—博弈算法.cpp(88): error C2001: 常量中有换行符
c:\users\sherl\desktop\井字棋—博弈算法.cpp(89): error C2059: 语法错误:“continue”
c:\users\sherl\desktop\井字棋—博弈算法.cpp(82): error C4996: 'scanf': This function or variable may be unsafe. Consider using scanf_s instead. To disable deprecation, use _CRT_SECURE_NO_WARNINGS. See online help for details.
  c:\program files (x86)\windows kits\10\include\10.0.10240.0\ucrt\stdio.h(1270): note: 参见“scanf”的声明
c:\users\sherl\desktop\井字棋—博弈算法.cpp(175): error C2001: 常量中有换行符
c:\users\sherl\desktop\井字棋—博弈算法.cpp(176): error C2059: 语法错误:“<template-id>”
c:\users\sherl\desktop\井字棋—博弈算法.cpp(177): error C2065: “v”: 未声明的标识符
c:\users\sherl\desktop\井字棋—博弈算法.cpp(177): error C2228: “.clear”的左边必须有类/结构/联合
  c:\users\sherl\desktop\井字棋—博弈算法.cpp(177): note: 类型是“unknown-type”
c:\users\sherl\desktop\井字棋—博弈算法.cpp(181): error C2065: “v”: 未声明的标识符
c:\users\sherl\desktop\井字棋—博弈算法.cpp(181): error C2228: “.push_back”的左边必须有类/结构/联合
  c:\users\sherl\desktop\井字棋—博弈算法.cpp(181): note: 类型是“unknown-type”
c:\users\sherl\desktop\井字棋—博弈算法.cpp(184): error C2065: “v”: 未声明的标识符
c:\users\sherl\desktop\井字棋—博弈算法.cpp(184): error C2228: “.begin”的左边必须有类/结构/联合
  c:\users\sherl\desktop\井字棋—博弈算法.cpp(184): note: 类型是“unknown-type”
c:\users\sherl\desktop\井字棋—博弈算法.cpp(184): error C2228: “.end”的左边必须有类/结构/联合
  c:\users\sherl\desktop\井字棋—博弈算法.cpp(184): note: 类型是“unknown-type”
c:\users\sherl\desktop\井字棋—博弈算法.cpp(184): error C2672: “std::sort”: 未找到匹配的重载函数
c:\users\sherl\desktop\井字棋—博弈算法.cpp(184): error C2780: “void std::sort(_RanIt,_RanIt)”: 应输入 2 个参数，却提供了 1 个
  d:\important\vs\vc\include\algorithm(2789): note: 参见“std::sort”的声明
c:\users\sherl\desktop\井字棋—博弈算法.cpp(184): error C2780: “void std::sort(_RanIt,_RanIt,_Pr)”: 应输入 3 个参数，却提供了 1 个
  d:\important\vs\vc\include\algorithm(2781): note: 参见“std::sort”的声明
c:\users\sherl\desktop\井字棋—博弈算法.cpp(189): error C2065: “v”: 未声明的标识符
c:\users\sherl\desktop\井字棋—博弈算法.cpp(189): error C2228: “.size”的左边必须有类/结构/联合
  c:\users\sherl\desktop\井字棋—博弈算法.cpp(189): note: 类型是“unknown-type”
c:\users\sherl\desktop\井字棋—博弈算法.cpp(189): error C2228: “.first”的左边必须有类/结构/联合
c:\users\sherl\desktop\井字棋—博弈算法.cpp(192): error C2065: “v”: 未声明的标识符
c:\users\sherl\desktop\井字棋—博弈算法.cpp(192): error C2228: “.size”的左边必须有类/结构/联合
  c:\users\sherl\desktop\井字棋—博弈算法.cpp(192): note: 类型是“unknown-type”
c:\users\sherl\desktop\井字棋—博弈算法.cpp(192): error C2228: “.first”的左边必须有类/结构/联合
c:\users\sherl\desktop\井字棋—博弈算法.cpp(192): error C2001: 常量中有换行符
c:\users\sherl\desktop\井字棋—博弈算法.cpp(193): error C2059: 语法错误:“if”
c:\users\sherl\desktop\井字棋—博弈算法.cpp(193): error C2001: 常量中有换行符
c:\users\sherl\desktop\井字棋—博弈算法.cpp(194): error C2143: 语法错误: 缺少“)”(在“;”的前面)
c:\users\sherl\desktop\井字棋—博弈算法.cpp(195): error C2065: “v”: 未声明的标识符
c:\users\sherl\desktop\井字棋—博弈算法.cpp(195): error C2228: “.second”的左边必须有类/结构/联合
c:\users\sherl\desktop\井字棋—博弈算法.cpp(195): error C2228: “.first”的左边必须有类/结构/联合
c:\users\sherl\desktop\井字棋—博弈算法.cpp(196): error C2065: “v”: 未声明的标识符
c:\users\sherl\desktop\井字棋—博弈算法.cpp(196): error C2228: “.second”的左边必须有类/结构/联合
c:\users\sherl\desktop\井字棋—博弈算法.cpp(190): warning C4474: printf: 格式字符串中传递的参数太多
  c:\users\sherl\desktop\井字棋—博弈算法.cpp(190): note: 占位符和其参数预计 0 可变参数，但提供的却是 1 参数
c:\users\sherl\desktop\井字棋—博弈算法.cpp(218): warning C4244: “参数”: 从“time_t”转换到“unsigned int”，可能丢失数据
c:\users\sherl\desktop\井字棋—博弈算法.cpp(224): error C2001: 常量中有换行符
c:\users\sherl\desktop\井字棋—博弈算法.cpp(225): error C2059: 语法错误:“}”
c:\users\sherl\desktop\井字棋—博弈算法.cpp(225): error C2001: 常量中有换行符
c:\users\sherl\desktop\井字棋—博弈算法.cpp(226): error C2146: 语法错误: 缺少“)”(在标识符“now”的前面)
c:\users\sherl\desktop\井字棋—博弈算法.cpp(253): error C2001: 常量中有换行符
c:\users\sherl\desktop\井字棋—博弈算法.cpp(254): error C2059: 语法错误:“}”
